<?xml version="1.0" encoding="UTF-8"?>
<!-- Generated by org.testng.reporters.JUnitXMLReporter -->
<testsuite ignored="6" hostname="LAPTOP-CC3I0DJF" failures="1" tests="7" name="ParallellTest" time="57.12" errors="0" timestamp="2023-02-27T00:58:30 IST">
  <testcase classname="executeClass.LoginPageTestClass" name="verifyTheLoginPageIsLoadedWhileHittingTheUrl" time="1.305"/>
  <testcase classname="executeClass.LoginPageTestClass" name="verifyTheLogoIsDisplayedOrNot" time="0.14"/>
  <testcase classname="executeClass.LoginPageTestClass" name="verifyTheSuccessfullLogin" time="3.232"/>
  <testcase classname="executeClass.ProductPageTestClass" name="VerifySearchFunctionalityByProductCode" time="15.369">
    <failure type="java.lang.AssertionError" message="expected [auto2023.02.27.00.58.04] but found [No matching records found]">
      <![CDATA[java.lang.AssertionError: expected [auto2023.02.27.00.58.04] but found [No matching records found]
at executeClass.ProductPageTestClass.VerifySearchFunctionalityByProductCode(ProductPageTestClass.java:87)
at java.base/java.util.ArrayList.forEach(ArrayList.java:1511)
... Removed 33 stack frames]]>
    </failure>
  </testcase> <!-- VerifySearchFunctionalityByProductCode -->
  <testcase classname="executeClass.LoginPageTestClass" name="verifyUnSuccessfullLogin" time="2.28"/>
  <testcase classname="executeClass.LoginPageTestClass" name="verifyUnSuccessfullLogin" time="2.157"/>
  <testcase classname="executeClass.LoginPageTestClass" name="verifyUnSuccessfullLogin" time="2.263"/>
  <testcase classname="executeClass.ProductPageTestClass" name="verifyEditFunctionalityOfTheProduct" time="0.0">
    <ignored/>
  </testcase> <!-- verifyEditFunctionalityOfTheProduct -->
  <testcase classname="executeClass.ProductPageTestClass" name="verifyDeleteFunctionalityOfTheProduct" time="0.0">
    <ignored/>
  </testcase> <!-- verifyDeleteFunctionalityOfTheProduct -->
  <testcase classname="executeClass.ProductPageTestClass" name="verifySearchFuctionalityByUsingProductName" time="0.0">
    <ignored/>
  </testcase> <!-- verifySearchFuctionalityByUsingProductName -->
  <testcase classname="executeClass.BaseClass" name="@BeforeSuite createReport" time="0.0">
    <ignored/>
  </testcase> <!-- @BeforeSuite createReport -->
  <testcase classname="executeClass.ProductPageTestClass" name="verifyToAddNewProduct" time="0.0">
    <ignored/>
  </testcase> <!-- verifyToAddNewProduct -->
  <testcase classname="executeClass.ProductPageTestClass" name="verifyTheProductPageIsOpenedWhileClickingOnProducTab" time="0.0">
    <ignored/>
  </testcase> <!-- verifyTheProductPageIsOpenedWhileClickingOnProducTab -->
</testsuite> <!-- ParallellTest -->
